Starting Shiny on http://127.0.0.1:8891 ...

Attaching package: ‘DT’

The following objects are masked from ‘package:shiny’:

    dataTableOutput, renderDataTable

Loading required package: ggplot2

Attaching package: ‘plotly’

The following object is masked from ‘package:ggplot2’:

    last_plot

The following object is masked from ‘package:stats’:

    filter

The following object is masked from ‘package:graphics’:

    layout


Attaching package: ‘dplyr’

The following objects are masked from ‘package:stats’:

    filter, lag

The following objects are masked from ‘package:base’:

    intersect, setdiff, setequal, union


Attaching package: ‘shinydashboard’

The following object is masked from ‘package:graphics’:

    box


Attaching package: ‘httr’

The following object is masked from ‘package:plotly’:

    config


Listening on http://127.0.0.1:8891
[App Init] wd=/Users/meghakhanna/medical_lock_hospitals | db=/Users/meghakhanna/medical_lock_hospitals/medical_lock_hospitals.db | exists=TRUE
[App Init] hospital_operations=362 | women_admission=306 | troops=301
